Using pre-set license
Built from '2020.3/staging' branch; Version is '2020.3.16f1 (049d6eca3c44) revision 302446'; Using compiler version '192528614'; Build Type 'Release'
OS: 'Windows 10 Home; OS build 19043.1237; Version 2009; 64bit' Language: 'en' Physical Memory: 16275 MB
BatchMode: 1, IsHumanControllingUs: 0, StartBugReporterOnCrash: 0, Is64bit: 1, IsPro: 0

 COMMAND LINE ARGUMENTS:
C:\Program Files\Unity\Hub\Editor\2020.3.15f2\Editor\Unity.exe
-adb2
-batchMode
-noUpm
-name
AssetImportWorker0
-projectPath
C:/Users/HP/Desktop/Fall 2021/Sounds tutorial
-logFile
Logs/AssetImportWorker0.log
-srvPort
65319
Successfully changed project path to: C:/Users/HP/Desktop/Fall 2021/Sounds tutorial
C:/Users/HP/Desktop/Fall 2021/Sounds tutorial
Using Asset Import Pipeline V2.
Refreshing native plugins compatible for Editor in 35.89 ms, found 3 plugins.
Preloading 0 native plugins for Editor in 0.00 ms.
Initialize engine version: 2020.3.16f1 (049d6eca3c44)
[Subsystems] Discovering subsystems at path C:/Program Files/Unity/Hub/Editor/2020.3.15f2/Editor/Data/Resources/UnitySubsystems
[Subsystems] Discovering subsystems at path C:/Users/HP/Desktop/Fall 2021/Sounds tutorial/Assets
GfxDevice: creating device client; threaded=0
Direct3D:
    Version:  Direct3D 11.0 [level 11.1]
    Renderer: NVIDIA GeForce GTX 1070 (ID=0x1b81)
    Vendor:   
    VRAM:     8088 MB
    Driver:   30.0.14.7212
Initialize mono
Mono path[0] = 'C:/Program Files/Unity/Hub/Editor/2020.3.15f2/Editor/Data/Managed'
Mono path[1] = 'C:/Program Files/Unity/Hub/Editor/2020.3.15f2/Editor/Data/MonoBleedingEdge/lib/mono/unityjit'
Mono config path = 'C:/Program Files/Unity/Hub/Editor/2020.3.15f2/Editor/Data/MonoBleedingEdge/etc'
Using monoOptions --debugger-agent=transport=dt_socket,embedding=1,server=y,suspend=n,address=127.0.0.1:56568
Begin MonoManager ReloadAssembly
Registering precompiled unity dll's ...
Register platform support module: C:/Program Files/Unity/Hub/Editor/2020.3.15f2/Editor/Data/PlaybackEngines/WindowsStandaloneSupport/UnityEditor.WindowsStandalone.Extensions.dll
Registered in 0.001875 seconds.
Native extension for WindowsStandalone target not found
Refreshing native plugins compatible for Editor in 36.23 ms, found 3 plugins.
Preloading 0 native plugins for Editor in 0.00 ms.
Mono: successfully reloaded assembly
- Completed reload, in  0.961 seconds
Domain Reload Profiling:
	ReloadAssembly (961ms)
		BeginReloadAssembly (47ms)
			ExecutionOrderSort (0ms)
			DisableScriptedObjects (0ms)
			BackupInstance (0ms)
			ReleaseScriptingObjects (0ms)
			CreateAndSetChildDomain (1ms)
		EndReloadAssembly (376ms)
			LoadAssemblies (45ms)
			RebuildTransferFunctionScriptingTraits (0ms)
			SetupTypeCache (132ms)
			ReleaseScriptCaches (0ms)
			RebuildScriptCaches (27ms)
			SetupLoadedEditorAssemblies (153ms)
				LogAssemblyErrors (0ms)
				InitializePlatformSupportModulesInManaged (3ms)
				SetLoadedEditorAssemblies (0ms)
				RefreshPlugins (36ms)
				BeforeProcessingInitializeOnLoad (12ms)
				ProcessInitializeOnLoadAttributes (76ms)
				ProcessInitializeOnLoadMethodAttributes (25ms)
				AfterProcessingInitializeOnLoad (0ms)
				EditorAssembliesLoaded (0ms)
			ExecutionOrderSort2 (0ms)
			AwakeInstancesAfterBackupRestoration (0ms)
Platform modules already initialized, skipping
Registering precompiled user dll's ...
Registered in 0.004025 seconds.
Begin MonoManager ReloadAssembly
Native extension for WindowsStandalone target not found
Refreshing native plugins compatible for Editor in 35.72 ms, found 3 plugins.
Preloading 0 native plugins for Editor in 0.00 ms.
Mono: successfully reloaded assembly
- Completed reload, in  1.099 seconds
Domain Reload Profiling:
	ReloadAssembly (1100ms)
		BeginReloadAssembly (155ms)
			ExecutionOrderSort (0ms)
			DisableScriptedObjects (4ms)
			BackupInstance (0ms)
			ReleaseScriptingObjects (0ms)
			CreateAndSetChildDomain (16ms)
		EndReloadAssembly (890ms)
			LoadAssemblies (80ms)
			RebuildTransferFunctionScriptingTraits (0ms)
			SetupTypeCache (273ms)
			ReleaseScriptCaches (0ms)
			RebuildScriptCaches (47ms)
			SetupLoadedEditorAssemblies (374ms)
				LogAssemblyErrors (0ms)
				InitializePlatformSupportModulesInManaged (3ms)
				SetLoadedEditorAssemblies (0ms)
				RefreshPlugins (36ms)
				BeforeProcessingInitializeOnLoad (67ms)
				ProcessInitializeOnLoadAttributes (250ms)
				ProcessInitializeOnLoadMethodAttributes (12ms)
				AfterProcessingInitializeOnLoad (6ms)
				EditorAssembliesLoaded (0ms)
			ExecutionOrderSort2 (0ms)
			AwakeInstancesAfterBackupRestoration (6ms)
Platform modules already initialized, skipping
========================================================================
Worker process is ready to serve import requests
Launched and connected shader compiler UnityShaderCompiler.exe after 0.07 seconds
Refreshing native plugins compatible for Editor in 0.46 ms, found 3 plugins.
Preloading 0 native plugins for Editor in 0.00 ms.
Unloading 2092 Unused Serialized files (Serialized files now loaded: 0)
System memory in use before: 93.0 MB.
System memory in use after: 93.1 MB.

Unloading 28 unused Assets to reduce memory usage. Loaded Objects now: 2529.
Total: 2.989900 ms (FindLiveObjects: 0.206300 ms CreateObjectMapping: 0.061700 ms MarkObjects: 2.659300 ms  DeleteObjects: 0.061600 ms)

AssetImportParameters requested are different than current active one (requested -> active):
  custom:framework-win-MediaFoundation: 216162199b28c13a410421893ffa2e32 -> 
  custom:video-decoder-ogg-theora: a1e56fd34408186e4bbccfd4996cb3dc -> 
  custom:container-muxer-webm: aa71ff27fc2769a1b78a27578f13a17b -> 
  custom:container-demuxer-webm: 4f35f7cbe854078d1ac9338744f61a02 -> 
  custom:container-demuxer-ogg: 62fdf1f143b41e24485cea50d1cbac27 -> 
  custom:video-encoder-webm-vp8: eb34c28f22e8b96e1ab97ce403110664 -> 
  custom:video-codec-MediaFoundation-h265: 746d11721c4dcdbdad8f713fa42b33f4 -> 
  custom:video-decoder-webm-vp8: 9c59270c3fd7afecdb556c50c9e8de78 -> 
  custom:audio-decoder-ogg-vorbis: bf7c407c2cedff20999df2af8eb42d56 -> 
  custom:audio-encoder-webm-vorbis: bf7c407c2cedff20999df2af8eb42d56 -> 
========================================================================
Received Import Request.
  path: Assets/Scripts/SoundScript.cs
  artifactKey: Guid(fdb91f0af8d94b6469fa159671ecfd26) Importer(815301076,1909f56bfc062723c751e8b465ee728b)
Start importing Assets/Scripts/SoundScript.cs using Guid(fdb91f0af8d94b6469fa159671ecfd26) Importer(815301076,1909f56bfc062723c751e8b465ee728b)  -> (artifact id: '9cdf57fc1bc4c993acf42d99f1028340') in 0.036231 seconds 
  Import took 0.038905 seconds .

========================================================================
Received Prepare
Registering precompiled user dll's ...
Registered in 0.004437 seconds.
Begin MonoManager ReloadAssembly
Native extension for WindowsStandalone target not found
Refreshing native plugins compatible for Editor in 0.39 ms, found 3 plugins.
Preloading 0 native plugins for Editor in 0.00 ms.
Mono: successfully reloaded assembly
- Completed reload, in  0.926 seconds
Domain Reload Profiling:
	ReloadAssembly (926ms)
		BeginReloadAssembly (112ms)
			ExecutionOrderSort (0ms)
			DisableScriptedObjects (5ms)
			BackupInstance (0ms)
			ReleaseScriptingObjects (0ms)
			CreateAndSetChildDomain (32ms)
		EndReloadAssembly (759ms)
			LoadAssemblies (77ms)
			RebuildTransferFunctionScriptingTraits (0ms)
			SetupTypeCache (237ms)
			ReleaseScriptCaches (1ms)
			RebuildScriptCaches (36ms)
			SetupLoadedEditorAssemblies (321ms)
				LogAssemblyErrors (0ms)
				InitializePlatformSupportModulesInManaged (4ms)
				SetLoadedEditorAssemblies (0ms)
				RefreshPlugins (0ms)
				BeforeProcessingInitializeOnLoad (81ms)
				ProcessInitializeOnLoadAttributes (225ms)
				ProcessInitializeOnLoadMethodAttributes (5ms)
				AfterProcessingInitializeOnLoad (6ms)
				EditorAssembliesLoaded (0ms)
			ExecutionOrderSort2 (0ms)
			AwakeInstancesAfterBackupRestoration (10ms)
Platform modules already initialized, skipping
Refreshing native plugins compatible for Editor in 0.39 ms, found 3 plugins.
Preloading 0 native plugins for Editor in 0.00 ms.
Unloading 2082 Unused Serialized files (Serialized files now loaded: 0)
System memory in use before: 92.5 MB.
System memory in use after: 92.6 MB.

Unloading 16 unused Assets to reduce memory usage. Loaded Objects now: 2532.
Total: 2.683600 ms (FindLiveObjects: 0.149100 ms CreateObjectMapping: 0.059500 ms MarkObjects: 2.459600 ms  DeleteObjects: 0.014800 ms)

AssetImportParameters requested are different than current active one (requested -> active):
  custom:framework-win-MediaFoundation: 216162199b28c13a410421893ffa2e32 -> 
  custom:video-decoder-ogg-theora: a1e56fd34408186e4bbccfd4996cb3dc -> 
  custom:container-muxer-webm: aa71ff27fc2769a1b78a27578f13a17b -> 
  custom:container-demuxer-webm: 4f35f7cbe854078d1ac9338744f61a02 -> 
  custom:container-demuxer-ogg: 62fdf1f143b41e24485cea50d1cbac27 -> 
  custom:video-encoder-webm-vp8: eb34c28f22e8b96e1ab97ce403110664 -> 
  custom:video-codec-MediaFoundation-h265: 746d11721c4dcdbdad8f713fa42b33f4 -> 
  custom:video-decoder-webm-vp8: 9c59270c3fd7afecdb556c50c9e8de78 -> 
  custom:audio-decoder-ogg-vorbis: bf7c407c2cedff20999df2af8eb42d56 -> 
  custom:audio-encoder-webm-vorbis: bf7c407c2cedff20999df2af8eb42d56 -> 
========================================================================
Received Import Request.
  Time since last request: 435.440590 seconds.
  path: Assets/Scripts/SoundScript.cs
  artifactKey: Guid(fdb91f0af8d94b6469fa159671ecfd26) Importer(815301076,1909f56bfc062723c751e8b465ee728b)
Start importing Assets/Scripts/SoundScript.cs using Guid(fdb91f0af8d94b6469fa159671ecfd26) Importer(815301076,1909f56bfc062723c751e8b465ee728b)  -> (artifact id: 'acf74abd7d5fd737f836e25cae2df9bc') in 0.004241 seconds 
  Import took 0.007539 seconds .

========================================================================
Received Import Request.
  Time since last request: 0.009251 seconds.
  path: Assets/Scripts/SoundScript.cs
  artifactKey: Guid(fdb91f0af8d94b6469fa159671ecfd26) Importer(815301076,1909f56bfc062723c751e8b465ee728b)
Start importing Assets/Scripts/SoundScript.cs using Guid(fdb91f0af8d94b6469fa159671ecfd26) Importer(815301076,1909f56bfc062723c751e8b465ee728b)  -> (artifact id: 'acf74abd7d5fd737f836e25cae2df9bc') in 0.002141 seconds 
  Import took 0.004801 seconds .

========================================================================
Received Prepare
Registering precompiled user dll's ...
Registered in 0.003891 seconds.
Begin MonoManager ReloadAssembly
Native extension for WindowsStandalone target not found
Refreshing native plugins compatible for Editor in 0.67 ms, found 3 plugins.
Preloading 0 native plugins for Editor in 0.00 ms.
Mono: successfully reloaded assembly
- Completed reload, in  0.974 seconds
Domain Reload Profiling:
	ReloadAssembly (974ms)
		BeginReloadAssembly (104ms)
			ExecutionOrderSort (0ms)
			DisableScriptedObjects (6ms)
			BackupInstance (0ms)
			ReleaseScriptingObjects (0ms)
			CreateAndSetChildDomain (33ms)
		EndReloadAssembly (813ms)
			LoadAssemblies (84ms)
			RebuildTransferFunctionScriptingTraits (0ms)
			SetupTypeCache (264ms)
			ReleaseScriptCaches (1ms)
			RebuildScriptCaches (38ms)
			SetupLoadedEditorAssemblies (335ms)
				LogAssemblyErrors (0ms)
				InitializePlatformSupportModulesInManaged (5ms)
				SetLoadedEditorAssemblies (1ms)
				RefreshPlugins (1ms)
				BeforeProcessingInitializeOnLoad (91ms)
				ProcessInitializeOnLoadAttributes (226ms)
				ProcessInitializeOnLoadMethodAttributes (5ms)
				AfterProcessingInitializeOnLoad (6ms)
				EditorAssembliesLoaded (0ms)
			ExecutionOrderSort2 (0ms)
			AwakeInstancesAfterBackupRestoration (9ms)
Platform modules already initialized, skipping
Refreshing native plugins compatible for Editor in 0.39 ms, found 3 plugins.
Preloading 0 native plugins for Editor in 0.00 ms.
Unloading 2082 Unused Serialized files (Serialized files now loaded: 0)
System memory in use before: 92.5 MB.
System memory in use after: 92.7 MB.

Unloading 16 unused Assets to reduce memory usage. Loaded Objects now: 2535.
Total: 3.105600 ms (FindLiveObjects: 0.169600 ms CreateObjectMapping: 0.072600 ms MarkObjects: 2.846500 ms  DeleteObjects: 0.015900 ms)

AssetImportParameters requested are different than current active one (requested -> active):
  custom:framework-win-MediaFoundation: 216162199b28c13a410421893ffa2e32 -> 
  custom:video-decoder-ogg-theora: a1e56fd34408186e4bbccfd4996cb3dc -> 
  custom:container-muxer-webm: aa71ff27fc2769a1b78a27578f13a17b -> 
  custom:container-demuxer-webm: 4f35f7cbe854078d1ac9338744f61a02 -> 
  custom:container-demuxer-ogg: 62fdf1f143b41e24485cea50d1cbac27 -> 
  custom:video-encoder-webm-vp8: eb34c28f22e8b96e1ab97ce403110664 -> 
  custom:video-codec-MediaFoundation-h265: 746d11721c4dcdbdad8f713fa42b33f4 -> 
  custom:video-decoder-webm-vp8: 9c59270c3fd7afecdb556c50c9e8de78 -> 
  custom:audio-decoder-ogg-vorbis: bf7c407c2cedff20999df2af8eb42d56 -> 
  custom:audio-encoder-webm-vorbis: bf7c407c2cedff20999df2af8eb42d56 -> 
========================================================================
Received Import Request.
  Time since last request: 84.220696 seconds.
  path: Assets/Animations
  artifactKey: Guid(781dc29a1fdcc424eaa88dc75220d1b5) Importer(815301076,1909f56bfc062723c751e8b465ee728b)
Start importing Assets/Animations using Guid(781dc29a1fdcc424eaa88dc75220d1b5) Importer(815301076,1909f56bfc062723c751e8b465ee728b)  -> (artifact id: '741b09a0179c6e1edc93bc91b5578907') in 0.009758 seconds 
  Import took 0.012598 seconds .

========================================================================
Received Import Request.
  Time since last request: 16.982637 seconds.
  path: Assets/Sprites
  artifactKey: Guid(05b7625dd8ff2314f9e06b6a20408497) Importer(815301076,1909f56bfc062723c751e8b465ee728b)
Start importing Assets/Sprites using Guid(05b7625dd8ff2314f9e06b6a20408497) Importer(815301076,1909f56bfc062723c751e8b465ee728b)  -> (artifact id: '9facb47eee0a3339d9f7b980cf453f3f') in 0.009637 seconds 
  Import took 0.012700 seconds .

========================================================================
Received Import Request.
  Time since last request: 80.971978 seconds.
  path: Assets/Sprites/Dead (1).png
  artifactKey: Guid(a294c0db1ace6ca40829f796f72d64da) Importer(815301076,1909f56bfc062723c751e8b465ee728b)
Start importing Assets/Sprites/Dead (1).png using Guid(a294c0db1ace6ca40829f796f72d64da) Importer(815301076,1909f56bfc062723c751e8b465ee728b)  -> (artifact id: '7870cc5510af6e37f48a5030d93c5d7a') in 0.103111 seconds 
  Import took 0.108466 seconds .

========================================================================
Received Import Request.
  Time since last request: 0.000311 seconds.
  path: Assets/Sprites/Slide (6).png
  artifactKey: Guid(28852bc86b400db41a1ad3d30122f807) Importer(815301076,1909f56bfc062723c751e8b465ee728b)
Start importing Assets/Sprites/Slide (6).png using Guid(28852bc86b400db41a1ad3d30122f807) Importer(815301076,1909f56bfc062723c751e8b465ee728b)  -> (artifact id: 'a7a4e3ccb0faffafacd22cab57ad8f4f') in 0.033422 seconds 
  Import took 0.038480 seconds .

========================================================================
Received Import Request.
  Time since last request: 0.000187 seconds.
  path: Assets/Sprites/Fall (4).png
  artifactKey: Guid(ee7f5b761994653418fa14779738b809) Importer(815301076,1909f56bfc062723c751e8b465ee728b)
Start importing Assets/Sprites/Fall (4).png using Guid(ee7f5b761994653418fa14779738b809) Importer(815301076,1909f56bfc062723c751e8b465ee728b)  -> (artifact id: 'f14157b70f5757eac4f3025afdfddfcf') in 0.014044 seconds 
  Import took 0.017476 seconds .

========================================================================
Received Import Request.
  Time since last request: 0.000145 seconds.
  path: Assets/Sprites/Idle (1).png
  artifactKey: Guid(870798609deafea4099fd73d4ee54325) Importer(815301076,1909f56bfc062723c751e8b465ee728b)
Start importing Assets/Sprites/Idle (1).png using Guid(870798609deafea4099fd73d4ee54325) Importer(815301076,1909f56bfc062723c751e8b465ee728b)  -> (artifact id: '6a29eebf4c8b0ac1a9557da7a689bde6') in 0.012714 seconds 
  Import took 0.016313 seconds .

========================================================================
Received Import Request.
  Time since last request: 0.000163 seconds.
  path: Assets/Sprites/Jump (3).png
  artifactKey: Guid(66343b1f48bda4b4b90c90a407db66b8) Importer(815301076,1909f56bfc062723c751e8b465ee728b)
Start importing Assets/Sprites/Jump (3).png using Guid(66343b1f48bda4b4b90c90a407db66b8) Importer(815301076,1909f56bfc062723c751e8b465ee728b)  -> (artifact id: '7931897686d5ed9a681e38f52dda582b') in 0.014219 seconds 
  Import took 0.017210 seconds .

========================================================================
Received Import Request.
  Time since last request: 0.000222 seconds.
  path: Assets/Sprites/Jump (6).png
  artifactKey: Guid(6698bbd91807c0f43a18cead8de53d99) Importer(815301076,1909f56bfc062723c751e8b465ee728b)
Start importing Assets/Sprites/Jump (6).png using Guid(6698bbd91807c0f43a18cead8de53d99) Importer(815301076,1909f56bfc062723c751e8b465ee728b)  -> (artifact id: 'de1d8f8d200fc56a5e9494a6904a0c94') in 0.014124 seconds 
  Import took 0.017153 seconds .

========================================================================
Received Import Request.
  Time since last request: 0.000153 seconds.
  path: Assets/Sprites/Fall (3).png
  artifactKey: Guid(ea35bf8364952dc4bb0ee4e75c41e33a) Importer(815301076,1909f56bfc062723c751e8b465ee728b)
Start importing Assets/Sprites/Fall (3).png using Guid(ea35bf8364952dc4bb0ee4e75c41e33a) Importer(815301076,1909f56bfc062723c751e8b465ee728b)  -> (artifact id: '347478c4263e8d50de0d587f416ba98f') in 0.013580 seconds 
  Import took 0.016422 seconds .

========================================================================
Received Import Request.
  Time since last request: 0.000159 seconds.
  path: Assets/Sprites/Run (6).png
  artifactKey: Guid(f17295a4338b0674cb028c13f6cef323) Importer(815301076,1909f56bfc062723c751e8b465ee728b)
Start importing Assets/Sprites/Run (6).png using Guid(f17295a4338b0674cb028c13f6cef323) Importer(815301076,1909f56bfc062723c751e8b465ee728b)  -> (artifact id: '44fbb9ea7d88faf96b4fdb46fa70694f') in 0.014057 seconds 
  Import took 0.017024 seconds .

========================================================================
Received Import Request.
  Time since last request: 0.000146 seconds.
  path: Assets/Sprites/Jump (1).png
  artifactKey: Guid(8aa6e2d18c5b42346a5a299b956d2a5b) Importer(815301076,1909f56bfc062723c751e8b465ee728b)
Start importing Assets/Sprites/Jump (1).png using Guid(8aa6e2d18c5b42346a5a299b956d2a5b) Importer(815301076,1909f56bfc062723c751e8b465ee728b)  -> (artifact id: '7c9421fb8c0b17e931005c1db57090c2') in 0.017082 seconds 
  Import took 0.019832 seconds .

========================================================================
Received Import Request.
  Time since last request: 0.000143 seconds.
  path: Assets/Sprites/Dead (3).png
  artifactKey: Guid(3a38bfd29012d3742ae58342ed3d9981) Importer(815301076,1909f56bfc062723c751e8b465ee728b)
Start importing Assets/Sprites/Dead (3).png using Guid(3a38bfd29012d3742ae58342ed3d9981) Importer(815301076,1909f56bfc062723c751e8b465ee728b)  -> (artifact id: 'fb645a28e4b8f6db1437bd1b17ca78c2') in 0.013081 seconds 
  Import took 0.016541 seconds .

========================================================================
Received Import Request.
  Time since last request: 0.000150 seconds.
  path: Assets/Sprites/Jump (7).png
  artifactKey: Guid(c47e53fcacd2fa74b814ec591a8fbb81) Importer(815301076,1909f56bfc062723c751e8b465ee728b)
Start importing Assets/Sprites/Jump (7).png using Guid(c47e53fcacd2fa74b814ec591a8fbb81) Importer(815301076,1909f56bfc062723c751e8b465ee728b)  -> (artifact id: '2d6ed0ae11b0739c83410c8d7765d58a') in 0.016154 seconds 
  Import took 0.018905 seconds .

========================================================================
Received Import Request.
  Time since last request: 0.000132 seconds.
  path: Assets/Sprites/Dead (9).png
  artifactKey: Guid(d64fb23f686c8444885fa57d61ba1430) Importer(815301076,1909f56bfc062723c751e8b465ee728b)
Start importing Assets/Sprites/Dead (9).png using Guid(d64fb23f686c8444885fa57d61ba1430) Importer(815301076,1909f56bfc062723c751e8b465ee728b)  -> (artifact id: 'da1e6c464b99a4875814c6b163d063f2') in 0.012347 seconds 
  Import took 0.015062 seconds .

========================================================================
Received Import Request.
  Time since last request: 0.000140 seconds.
  path: Assets/Sprites/Idle (3).png
  artifactKey: Guid(797caf1a4ae5ca04984cbeeab08bf351) Importer(815301076,1909f56bfc062723c751e8b465ee728b)
Start importing Assets/Sprites/Idle (3).png using Guid(797caf1a4ae5ca04984cbeeab08bf351) Importer(815301076,1909f56bfc062723c751e8b465ee728b)  -> (artifact id: 'fdd08b22e93d7f7da683bf445bf88e1c') in 0.012143 seconds 
  Import took 0.014806 seconds .

========================================================================
Received Import Request.
  Time since last request: 0.000142 seconds.
  path: Assets/Sprites/Jump (4).png
  artifactKey: Guid(c1bc2a36bc196854b8248a0ef36d5206) Importer(815301076,1909f56bfc062723c751e8b465ee728b)
Start importing Assets/Sprites/Jump (4).png using Guid(c1bc2a36bc196854b8248a0ef36d5206) Importer(815301076,1909f56bfc062723c751e8b465ee728b)  -> (artifact id: '9a1f9579306274ab5992eef7031d8180') in 0.012393 seconds 
  Import took 0.015134 seconds .

========================================================================
Received Import Request.
  Time since last request: 0.000178 seconds.
  path: Assets/Sprites/Fall (5).png
  artifactKey: Guid(f16d5deae1f08884c8964ab1e4b11a8f) Importer(815301076,1909f56bfc062723c751e8b465ee728b)
Start importing Assets/Sprites/Fall (5).png using Guid(f16d5deae1f08884c8964ab1e4b11a8f) Importer(815301076,1909f56bfc062723c751e8b465ee728b)  -> (artifact id: '68b01a78858624c75655f806f8deb1eb') in 0.012349 seconds 
  Import took 0.015101 seconds .

========================================================================
Received Import Request.
  Time since last request: 0.000173 seconds.
  path: Assets/Sprites/Hurt (1).png
  artifactKey: Guid(db7b3231a2871904194fcaaf2b5e00e1) Importer(815301076,1909f56bfc062723c751e8b465ee728b)
Start importing Assets/Sprites/Hurt (1).png using Guid(db7b3231a2871904194fcaaf2b5e00e1) Importer(815301076,1909f56bfc062723c751e8b465ee728b)  -> (artifact id: '234696fd071e2d9623f8916488dd234a') in 0.013585 seconds 
  Import took 0.016858 seconds .

========================================================================
Received Import Request.
  Time since last request: 0.000140 seconds.
  path: Assets/Sprites/Walk (6).png
  artifactKey: Guid(b087b509db98833479342e2f05079441) Importer(815301076,1909f56bfc062723c751e8b465ee728b)
Start importing Assets/Sprites/Walk (6).png using Guid(b087b509db98833479342e2f05079441) Importer(815301076,1909f56bfc062723c751e8b465ee728b)  -> (artifact id: 'd0875b4cfe8824a0d631c9f16c1aca9b') in 0.012115 seconds 
  Import took 0.014922 seconds .

========================================================================
Received Import Request.
  Time since last request: 0.000163 seconds.
  path: Assets/Sprites/Slide (2).png
  artifactKey: Guid(c1ecaae9135e9124b97fac78bd3a00c6) Importer(815301076,1909f56bfc062723c751e8b465ee728b)
Start importing Assets/Sprites/Slide (2).png using Guid(c1ecaae9135e9124b97fac78bd3a00c6) Importer(815301076,1909f56bfc062723c751e8b465ee728b)  -> (artifact id: '7f0e45d8e3e3f0785ed0c4d63d27fa6b') in 0.012208 seconds 
  Import took 0.015167 seconds .

========================================================================
Received Import Request.
  Time since last request: 0.000138 seconds.
  path: Assets/Sprites/Dead (8).png
  artifactKey: Guid(73cf019f297f89d419c4e9a8500b11e4) Importer(815301076,1909f56bfc062723c751e8b465ee728b)
Start importing Assets/Sprites/Dead (8).png using Guid(73cf019f297f89d419c4e9a8500b11e4) Importer(815301076,1909f56bfc062723c751e8b465ee728b)  -> (artifact id: '37f686561e6185354d91671754c91ab0') in 0.018013 seconds 
  Import took 0.021570 seconds .

========================================================================
Received Import Request.
  Time since last request: 0.000144 seconds.
  path: Assets/Sprites/Fall (8).png
  artifactKey: Guid(91969f7f9035ec743bdc223d03e688b9) Importer(815301076,1909f56bfc062723c751e8b465ee728b)
Start importing Assets/Sprites/Fall (8).png using Guid(91969f7f9035ec743bdc223d03e688b9) Importer(815301076,1909f56bfc062723c751e8b465ee728b)  -> (artifact id: '3836295344666d7c508d29f29453546d') in 0.012095 seconds 
  Import took 0.014694 seconds .

========================================================================
Received Import Request.
  Time since last request: 0.000170 seconds.
  path: Assets/Sprites/Idle (8).png
  artifactKey: Guid(c8f0a9bc4b5800047b66270e6db140b5) Importer(815301076,1909f56bfc062723c751e8b465ee728b)
Start importing Assets/Sprites/Idle (8).png using Guid(c8f0a9bc4b5800047b66270e6db140b5) Importer(815301076,1909f56bfc062723c751e8b465ee728b)  -> (artifact id: '5c5578355b80e6fdf6b9679153ebb1b2') in 0.012939 seconds 
  Import took 0.015740 seconds .

========================================================================
Received Import Request.
  Time since last request: 0.000135 seconds.
  path: Assets/Sprites/Run (3).png
  artifactKey: Guid(9349cf66544499943bf0d8e2fec91e73) Importer(815301076,1909f56bfc062723c751e8b465ee728b)
Start importing Assets/Sprites/Run (3).png using Guid(9349cf66544499943bf0d8e2fec91e73) Importer(815301076,1909f56bfc062723c751e8b465ee728b)  -> (artifact id: 'e38cffbeae7c9834bdb96f7056eff949') in 0.012378 seconds 
  Import took 0.015120 seconds .

========================================================================
Received Import Request.
  Time since last request: 0.000144 seconds.
  path: Assets/Sprites/Idle (6).png
  artifactKey: Guid(a44ccb576d7bff540a317c1435e1cb2d) Importer(815301076,1909f56bfc062723c751e8b465ee728b)
Start importing Assets/Sprites/Idle (6).png using Guid(a44ccb576d7bff540a317c1435e1cb2d) Importer(815301076,1909f56bfc062723c751e8b465ee728b)  -> (artifact id: '6b49e148d9390cd25c9977ae5f605e0a') in 0.012143 seconds 
  Import took 0.014825 seconds .

========================================================================
Received Import Request.
  Time since last request: 0.000230 seconds.
  path: Assets/Sprites/Slide (1).png
  artifactKey: Guid(9be8b085358b27a49b98df6f7fcf91ff) Importer(815301076,1909f56bfc062723c751e8b465ee728b)
Start importing Assets/Sprites/Slide (1).png using Guid(9be8b085358b27a49b98df6f7fcf91ff) Importer(815301076,1909f56bfc062723c751e8b465ee728b)  -> (artifact id: '4d99532fe8871f5e2e89d8a55a3b111e') in 0.012810 seconds 
  Import took 0.015575 seconds .

========================================================================
Received Import Request.
  Time since last request: 0.000214 seconds.
  path: Assets/Sprites/Walk (4).png
  artifactKey: Guid(41e500e085839434e8351bf6d4f96d0e) Importer(815301076,1909f56bfc062723c751e8b465ee728b)
Start importing Assets/Sprites/Walk (4).png using Guid(41e500e085839434e8351bf6d4f96d0e) Importer(815301076,1909f56bfc062723c751e8b465ee728b)  -> (artifact id: 'f64d95896872fa185fb12c87a69be198') in 0.012825 seconds 
  Import took 0.016279 seconds .

========================================================================
Received Import Request.
  Time since last request: 0.000201 seconds.
  path: Assets/Sprites/Hurt (7).png
  artifactKey: Guid(a6e6f20dc344a9d4e9bf3b714a096aed) Importer(815301076,1909f56bfc062723c751e8b465ee728b)
Start importing Assets/Sprites/Hurt (7).png using Guid(a6e6f20dc344a9d4e9bf3b714a096aed) Importer(815301076,1909f56bfc062723c751e8b465ee728b)  -> (artifact id: 'c50576c62c49262b674749814e2eff92') in 0.012551 seconds 
  Import took 0.015270 seconds .

========================================================================
Received Import Request.
  Time since last request: 0.000160 seconds.
  path: Assets/Sprites/Hurt (2).png
  artifactKey: Guid(4a3228b79a6e09448adb0312bd30c6e1) Importer(815301076,1909f56bfc062723c751e8b465ee728b)
Start importing Assets/Sprites/Hurt (2).png using Guid(4a3228b79a6e09448adb0312bd30c6e1) Importer(815301076,1909f56bfc062723c751e8b465ee728b)  -> (artifact id: 'c0d14be080625deaca2e42ba954c1f5c') in 0.012637 seconds 
  Import took 0.015594 seconds .

========================================================================
Received Import Request.
  Time since last request: 0.000140 seconds.
  path: Assets/Sprites/Slide (5).png
  artifactKey: Guid(13cfcea29d7b44444b4c670798517cd7) Importer(815301076,1909f56bfc062723c751e8b465ee728b)
Start importing Assets/Sprites/Slide (5).png using Guid(13cfcea29d7b44444b4c670798517cd7) Importer(815301076,1909f56bfc062723c751e8b465ee728b)  -> (artifact id: 'c6c8f564195dda1c97484662fb76b50e') in 0.013597 seconds 
  Import took 0.016376 seconds .

========================================================================
Received Import Request.
  Time since last request: 0.000224 seconds.
  path: Assets/Sprites/Fall (6).png
  artifactKey: Guid(dfafe5aa5ac0076408d11a2a4c4f0b0c) Importer(815301076,1909f56bfc062723c751e8b465ee728b)
Start importing Assets/Sprites/Fall (6).png using Guid(dfafe5aa5ac0076408d11a2a4c4f0b0c) Importer(815301076,1909f56bfc062723c751e8b465ee728b)  -> (artifact id: '7a0d61832b5ad9109ce9fe155a06a27e') in 0.013128 seconds 
  Import took 0.015856 seconds .

========================================================================
Received Import Request.
  Time since last request: 0.000187 seconds.
  path: Assets/Sprites/Walk (7).png
  artifactKey: Guid(830e874bf1c088449a7e47894d65527d) Importer(815301076,1909f56bfc062723c751e8b465ee728b)
Start importing Assets/Sprites/Walk (7).png using Guid(830e874bf1c088449a7e47894d65527d) Importer(815301076,1909f56bfc062723c751e8b465ee728b)  -> (artifact id: '0c9066d05cf6e5df7020ea277b783c76') in 0.012804 seconds 
  Import took 0.015888 seconds .

========================================================================
Received Import Request.
  Time since last request: 0.000181 seconds.
  path: Assets/Sprites/Walk (5).png
  artifactKey: Guid(790b030801e47d44cbaa8f7d65b7ea27) Importer(815301076,1909f56bfc062723c751e8b465ee728b)
Start importing Assets/Sprites/Walk (5).png using Guid(790b030801e47d44cbaa8f7d65b7ea27) Importer(815301076,1909f56bfc062723c751e8b465ee728b)  -> (artifact id: '02ed7040fc55b542bfebde945db46a2b') in 0.015472 seconds 
  Import took 0.018170 seconds .

========================================================================
Received Import Request.
  Time since last request: 0.000179 seconds.
  path: Assets/Sprites/Run (1).png
  artifactKey: Guid(9e1172914e07ef44e8f34a6a2947f0b0) Importer(815301076,1909f56bfc062723c751e8b465ee728b)
Start importing Assets/Sprites/Run (1).png using Guid(9e1172914e07ef44e8f34a6a2947f0b0) Importer(815301076,1909f56bfc062723c751e8b465ee728b)  -> (artifact id: '0b6e840254c298dea9a5a09df13b5f8a') in 0.021630 seconds 
  Import took 0.025542 seconds .

========================================================================
Received Import Request.
  Time since last request: 0.000194 seconds.
  path: Assets/Sprites/Dead (2).png
  artifactKey: Guid(d05811463683d554da36d999a38923f0) Importer(815301076,1909f56bfc062723c751e8b465ee728b)
Start importing Assets/Sprites/Dead (2).png using Guid(d05811463683d554da36d999a38923f0) Importer(815301076,1909f56bfc062723c751e8b465ee728b)  -> (artifact id: '91ba878b2f1652f48e77db6c5b40bec2') in 0.013896 seconds 
  Import took 0.017600 seconds .

========================================================================
Received Import Request.
  Time since last request: 0.000258 seconds.
  path: Assets/Sprites/Dead (5).png
  artifactKey: Guid(110bf48dadaa4c643bdc03ea78f89fd5) Importer(815301076,1909f56bfc062723c751e8b465ee728b)
Start importing Assets/Sprites/Dead (5).png using Guid(110bf48dadaa4c643bdc03ea78f89fd5) Importer(815301076,1909f56bfc062723c751e8b465ee728b)  -> (artifact id: '3f01754e289fadb1c7f63ec923e62f79') in 0.029595 seconds 
  Import took 0.035033 seconds .

========================================================================
Received Import Request.
  Time since last request: 0.000188 seconds.
  path: Assets/Sprites/Idle (2).png
  artifactKey: Guid(ec2f4678dcee1014995efdb108fedba6) Importer(815301076,1909f56bfc062723c751e8b465ee728b)
Start importing Assets/Sprites/Idle (2).png using Guid(ec2f4678dcee1014995efdb108fedba6) Importer(815301076,1909f56bfc062723c751e8b465ee728b)  -> (artifact id: '8fb766f15bf8c9a2e8ba35aa0041cec3') in 0.020667 seconds 
  Import took 0.024317 seconds .

========================================================================
Received Import Request.
  Time since last request: 0.000144 seconds.
  path: Assets/Sprites/Idle (9).png
  artifactKey: Guid(cb4893c2d3f12f74ba11bba69802c0a5) Importer(815301076,1909f56bfc062723c751e8b465ee728b)
Start importing Assets/Sprites/Idle (9).png using Guid(cb4893c2d3f12f74ba11bba69802c0a5) Importer(815301076,1909f56bfc062723c751e8b465ee728b)  -> (artifact id: '7310df7783aee059e07c5722ed6b22c1') in 0.018778 seconds 
  Import took 0.021724 seconds .

========================================================================
Received Import Request.
  Time since last request: 0.000160 seconds.
  path: Assets/Sprites/Slide (8).png
  artifactKey: Guid(170b9cb847fd6924490e887254deff03) Importer(815301076,1909f56bfc062723c751e8b465ee728b)
Start importing Assets/Sprites/Slide (8).png using Guid(170b9cb847fd6924490e887254deff03) Importer(815301076,1909f56bfc062723c751e8b465ee728b)  -> (artifact id: '76492673cce1ba668e77579e4dd77026') in 0.013432 seconds 
  Import took 0.016129 seconds .

========================================================================
Received Import Request.
  Time since last request: 0.000155 seconds.
  path: Assets/Sprites/Hurt (4).png
  artifactKey: Guid(4d2c5e7d345a111418adb5a3100c5f77) Importer(815301076,1909f56bfc062723c751e8b465ee728b)
Start importing Assets/Sprites/Hurt (4).png using Guid(4d2c5e7d345a111418adb5a3100c5f77) Importer(815301076,1909f56bfc062723c751e8b465ee728b)  -> (artifact id: '4234eb3eaa2e63c09b9d04f308867ad0') in 0.012537 seconds 
  Import took 0.015335 seconds .

========================================================================
Received Import Request.
  Time since last request: 0.000205 seconds.
  path: Assets/Sprites/Run (5).png
  artifactKey: Guid(ebb2090afd86ccf4cbfe9782c696134a) Importer(815301076,1909f56bfc062723c751e8b465ee728b)
Start importing Assets/Sprites/Run (5).png using Guid(ebb2090afd86ccf4cbfe9782c696134a) Importer(815301076,1909f56bfc062723c751e8b465ee728b)  -> (artifact id: 'fab364303920bcb0b172ecd1537b545d') in 0.013688 seconds 
  Import took 0.016331 seconds .

========================================================================
Received Import Request.
  Time since last request: 0.000155 seconds.
  path: Assets/Sprites/Slide (10).png
  artifactKey: Guid(c3debd1479f1850478652d9f28cfb7bc) Importer(815301076,1909f56bfc062723c751e8b465ee728b)
Start importing Assets/Sprites/Slide (10).png using Guid(c3debd1479f1850478652d9f28cfb7bc) Importer(815301076,1909f56bfc062723c751e8b465ee728b)  -> (artifact id: 'f2afe13eb07bca3b94163a6817395b73') in 0.013486 seconds 
  Import took 0.016580 seconds .

========================================================================
Received Import Request.
  Time since last request: 0.000225 seconds.
  path: Assets/Sprites/Walk (9).png
  artifactKey: Guid(4a2ee33b015cfd24598a24c8ebff8f96) Importer(815301076,1909f56bfc062723c751e8b465ee728b)
Start importing Assets/Sprites/Walk (9).png using Guid(4a2ee33b015cfd24598a24c8ebff8f96) Importer(815301076,1909f56bfc062723c751e8b465ee728b)  -> (artifact id: 'a2c9575e4e9419ca62e4f8a9188c0713') in 0.012047 seconds 
  Import took 0.015026 seconds .

========================================================================
Received Import Request.
  Time since last request: 0.000145 seconds.
  path: Assets/Sprites/Idle (5).png
  artifactKey: Guid(17bd14a877685bd4487f05fbed1d0fed) Importer(815301076,1909f56bfc062723c751e8b465ee728b)
Start importing Assets/Sprites/Idle (5).png using Guid(17bd14a877685bd4487f05fbed1d0fed) Importer(815301076,1909f56bfc062723c751e8b465ee728b)  -> (artifact id: 'fde112477565012aa2fcc10c9a772415') in 0.017825 seconds 
  Import took 0.020849 seconds .

========================================================================
Received Import Request.
  Time since last request: 0.000131 seconds.
  path: Assets/Sprites/Dead (6).png
  artifactKey: Guid(7f617a243a8c0024389c9d27a0302958) Importer(815301076,1909f56bfc062723c751e8b465ee728b)
Start importing Assets/Sprites/Dead (6).png using Guid(7f617a243a8c0024389c9d27a0302958) Importer(815301076,1909f56bfc062723c751e8b465ee728b)  -> (artifact id: '4ea5dc66f0b598973f0d37dad47b75bc') in 0.013698 seconds 
  Import took 0.016388 seconds .

========================================================================
Received Import Request.
  Time since last request: 0.000171 seconds.
  path: Assets/Sprites/Fall (1).png
  artifactKey: Guid(7433331f30551d544b5e0fe329677f86) Importer(815301076,1909f56bfc062723c751e8b465ee728b)
Start importing Assets/Sprites/Fall (1).png using Guid(7433331f30551d544b5e0fe329677f86) Importer(815301076,1909f56bfc062723c751e8b465ee728b)  -> (artifact id: '98c25f9b7f308c67a842b431934bb617') in 0.013095 seconds 
  Import took 0.015824 seconds .

========================================================================
Received Import Request.
  Time since last request: 0.000145 seconds.
  path: Assets/Sprites/Dead (7).png
  artifactKey: Guid(a34345d71e1330447a123011fbbabeca) Importer(815301076,1909f56bfc062723c751e8b465ee728b)
Start importing Assets/Sprites/Dead (7).png using Guid(a34345d71e1330447a123011fbbabeca) Importer(815301076,1909f56bfc062723c751e8b465ee728b)  -> (artifact id: '29cead986136895690dfc33ff11a5c26') in 0.012641 seconds 
  Import took 0.015505 seconds .

========================================================================
Received Import Request.
  Time since last request: 0.000164 seconds.
  path: Assets/Sprites/Hurt (9).png
  artifactKey: Guid(3465d85fb4fbcac4392daea8d7591ffb) Importer(815301076,1909f56bfc062723c751e8b465ee728b)
Start importing Assets/Sprites/Hurt (9).png using Guid(3465d85fb4fbcac4392daea8d7591ffb) Importer(815301076,1909f56bfc062723c751e8b465ee728b)  -> (artifact id: '6dce5fc675595e9865a8f22be4b6b475') in 0.013069 seconds 
  Import took 0.015731 seconds .

========================================================================
Received Import Request.
  Time since last request: 0.000157 seconds.
  path: Assets/Sprites/Walk (8).png
  artifactKey: Guid(da5828ab5f6ea644eaa2c5eff70c13ad) Importer(815301076,1909f56bfc062723c751e8b465ee728b)
Start importing Assets/Sprites/Walk (8).png using Guid(da5828ab5f6ea644eaa2c5eff70c13ad) Importer(815301076,1909f56bfc062723c751e8b465ee728b)  -> (artifact id: 'b3cac8432aecd1e348648b8d3848669e') in 0.012448 seconds 
  Import took 0.015124 seconds .

========================================================================
Received Import Request.
  Time since last request: 0.000229 seconds.
  path: Assets/Sprites/Walk (3).png
  artifactKey: Guid(450abd64d5743d44081cd23bb332bb5b) Importer(815301076,1909f56bfc062723c751e8b465ee728b)
Start importing Assets/Sprites/Walk (3).png using Guid(450abd64d5743d44081cd23bb332bb5b) Importer(815301076,1909f56bfc062723c751e8b465ee728b)  -> (artifact id: '3588069d927048145ae72a2feb419d08') in 0.012777 seconds 
  Import took 0.015685 seconds .

========================================================================
Received Import Request.
  Time since last request: 0.000270 seconds.
  path: Assets/Sprites/Jump (2).png
  artifactKey: Guid(dbba7d94ac007bb499e4dd6bc73fe64a) Importer(815301076,1909f56bfc062723c751e8b465ee728b)
Start importing Assets/Sprites/Jump (2).png using Guid(dbba7d94ac007bb499e4dd6bc73fe64a) Importer(815301076,1909f56bfc062723c751e8b465ee728b)  -> (artifact id: '00b04e33f13be3589562e49c5b58a4e9') in 0.018268 seconds 
  Import took 0.021090 seconds .

========================================================================
Received Import Request.
  Time since last request: 0.000193 seconds.
  path: Assets/Sprites/Idle (10).png
  artifactKey: Guid(0bb7db94368192b4491ae175e66a8af7) Importer(815301076,1909f56bfc062723c751e8b465ee728b)
Start importing Assets/Sprites/Idle (10).png using Guid(0bb7db94368192b4491ae175e66a8af7) Importer(815301076,1909f56bfc062723c751e8b465ee728b)  -> (artifact id: '04c0e7e471c689d6a04c1b32282d2b7a') in 0.014258 seconds 
  Import took 0.017112 seconds .

========================================================================
Received Import Request.
  Time since last request: 0.000155 seconds.
  path: Assets/Sprites/Hurt (5).png
  artifactKey: Guid(e2cc1b8b991e5104e8d3660e5723d16e) Importer(815301076,1909f56bfc062723c751e8b465ee728b)
Start importing Assets/Sprites/Hurt (5).png using Guid(e2cc1b8b991e5104e8d3660e5723d16e) Importer(815301076,1909f56bfc062723c751e8b465ee728b)  -> (artifact id: 'e00ad2053af9c4ad8bfc68c89e586586') in 0.013219 seconds 
  Import took 0.015999 seconds .

========================================================================
Received Import Request.
  Time since last request: 0.000209 seconds.
  path: Assets/Sprites/Run (2).png
  artifactKey: Guid(667d429d55ace5242898ba9d10c72652) Importer(815301076,1909f56bfc062723c751e8b465ee728b)
Start importing Assets/Sprites/Run (2).png using Guid(667d429d55ace5242898ba9d10c72652) Importer(815301076,1909f56bfc062723c751e8b465ee728b)  -> (artifact id: '2fbcf9610af3a13a5fd8c79b16d52472') in 0.014637 seconds 
  Import took 0.017583 seconds .

========================================================================
Received Import Request.
  Time since last request: 0.000145 seconds.
  path: Assets/Sprites/Slide (4).png
  artifactKey: Guid(5174fb94dbf076b48b066f351e47fc29) Importer(815301076,1909f56bfc062723c751e8b465ee728b)
Start importing Assets/Sprites/Slide (4).png using Guid(5174fb94dbf076b48b066f351e47fc29) Importer(815301076,1909f56bfc062723c751e8b465ee728b)  -> (artifact id: 'be103fcb016348152544e2e6abd5a66c') in 0.013641 seconds 
  Import took 0.016293 seconds .

========================================================================
Received Import Request.
  Time since last request: 0.000154 seconds.
  path: Assets/Sprites/Slide (7).png
  artifactKey: Guid(3fa4551bf3ebc464e9e1c107e61e6cc4) Importer(815301076,1909f56bfc062723c751e8b465ee728b)
Start importing Assets/Sprites/Slide (7).png using Guid(3fa4551bf3ebc464e9e1c107e61e6cc4) Importer(815301076,1909f56bfc062723c751e8b465ee728b)  -> (artifact id: '288f6fadf6be1ae2b39ce50b1ec30437') in 0.012309 seconds 
  Import took 0.015195 seconds .

========================================================================
Received Import Request.
  Time since last request: 0.000182 seconds.
  path: Assets/Sprites/Walk (1).png
  artifactKey: Guid(e60e63ff91b3aee43bc840434240dc12) Importer(815301076,1909f56bfc062723c751e8b465ee728b)
Start importing Assets/Sprites/Walk (1).png using Guid(e60e63ff91b3aee43bc840434240dc12) Importer(815301076,1909f56bfc062723c751e8b465ee728b)  -> (artifact id: '94c03db99bc82b8504ffc0f683dd5ce2') in 0.012762 seconds 
  Import took 0.015717 seconds .

========================================================================
Received Import Request.
  Time since last request: 0.000184 seconds.
  path: Assets/Sprites/Dead (10).png
  artifactKey: Guid(9f57baa7f53534f438a20ecb13f1bed4) Importer(815301076,1909f56bfc062723c751e8b465ee728b)
Start importing Assets/Sprites/Dead (10).png using Guid(9f57baa7f53534f438a20ecb13f1bed4) Importer(815301076,1909f56bfc062723c751e8b465ee728b)  -> (artifact id: '410c07e6534e9f2e67c498da9d9af88c') in 0.011699 seconds 
  Import took 0.014597 seconds .

========================================================================
Received Import Request.
  Time since last request: 0.000192 seconds.
  path: Assets/Sprites/Hurt (6).png
  artifactKey: Guid(de7b804a4732d7e40aad3e27a9d0a9b2) Importer(815301076,1909f56bfc062723c751e8b465ee728b)
Start importing Assets/Sprites/Hurt (6).png using Guid(de7b804a4732d7e40aad3e27a9d0a9b2) Importer(815301076,1909f56bfc062723c751e8b465ee728b)  -> (artifact id: '9012808ed5b3a5628c71d036ebc62224') in 0.012562 seconds 
  Import took 0.015825 seconds .

========================================================================
Received Import Request.
  Time since last request: 0.000172 seconds.
  path: Assets/Sprites/Hurt (3).png
  artifactKey: Guid(fe9abed544d00b44abae54486e21977d) Importer(815301076,1909f56bfc062723c751e8b465ee728b)
Start importing Assets/Sprites/Hurt (3).png using Guid(fe9abed544d00b44abae54486e21977d) Importer(815301076,1909f56bfc062723c751e8b465ee728b)  -> (artifact id: '1a0e265376ac75998be9881cb1e7c1ab') in 0.013203 seconds 
  Import took 0.015918 seconds .

========================================================================
Received Import Request.
  Time since last request: 0.000176 seconds.
  path: Assets/Sprites/Hurt (10).png
  artifactKey: Guid(114e8bef996e43a4bb6dcc657b38c2bf) Importer(815301076,1909f56bfc062723c751e8b465ee728b)
Start importing Assets/Sprites/Hurt (10).png using Guid(114e8bef996e43a4bb6dcc657b38c2bf) Importer(815301076,1909f56bfc062723c751e8b465ee728b)  -> (artifact id: 'd7623bb04db1b54b9f4d7317a9c6a380') in 0.012512 seconds 
  Import took 0.015265 seconds .

========================================================================
Received Import Request.
  Time since last request: 0.000138 seconds.
  path: Assets/Sprites/Walk (10).png
  artifactKey: Guid(a354f0fb4fbc40c4690ed3d2904a5292) Importer(815301076,1909f56bfc062723c751e8b465ee728b)
Start importing Assets/Sprites/Walk (10).png using Guid(a354f0fb4fbc40c4690ed3d2904a5292) Importer(815301076,1909f56bfc062723c751e8b465ee728b)  -> (artifact id: '32ba1f339fed2f8ea89821de4178659a') in 0.013115 seconds 
  Import took 0.015917 seconds .

========================================================================
Received Import Request.
  Time since last request: 0.000145 seconds.
  path: Assets/Sprites/Jump (5).png
  artifactKey: Guid(6cadaa6da7e652143b8a244596c328eb) Importer(815301076,1909f56bfc062723c751e8b465ee728b)
Start importing Assets/Sprites/Jump (5).png using Guid(6cadaa6da7e652143b8a244596c328eb) Importer(815301076,1909f56bfc062723c751e8b465ee728b)  -> (artifact id: 'dd11065479dcfe8a0e747a805e604b58') in 0.017711 seconds 
  Import took 0.020569 seconds .

========================================================================
Received Import Request.
  Time since last request: 0.000183 seconds.
  path: Assets/Sprites/Fall (2).png
  artifactKey: Guid(b286cc6351fac194091a4e7d60af8a1a) Importer(815301076,1909f56bfc062723c751e8b465ee728b)
Start importing Assets/Sprites/Fall (2).png using Guid(b286cc6351fac194091a4e7d60af8a1a) Importer(815301076,1909f56bfc062723c751e8b465ee728b)  -> (artifact id: '1b02c0614dbc5ca710c0cf0a10bd8807') in 0.012904 seconds 
  Import took 0.016039 seconds .

========================================================================
Received Import Request.
  Time since last request: 0.000150 seconds.
  path: Assets/Sprites/Run (8).png
  artifactKey: Guid(523f60500bd9535469396080e3c5a8e6) Importer(815301076,1909f56bfc062723c751e8b465ee728b)
Start importing Assets/Sprites/Run (8).png using Guid(523f60500bd9535469396080e3c5a8e6) Importer(815301076,1909f56bfc062723c751e8b465ee728b)  -> (artifact id: 'c89c9f9a09aea97f8a939b24334677ba') in 0.013115 seconds 
  Import took 0.016063 seconds .

========================================================================
Received Import Request.
  Time since last request: 0.000178 seconds.
  path: Assets/Sprites/Jump (8).png
  artifactKey: Guid(62375ee896bde40489753bee4a1b2cd2) Importer(815301076,1909f56bfc062723c751e8b465ee728b)
Start importing Assets/Sprites/Jump (8).png using Guid(62375ee896bde40489753bee4a1b2cd2) Importer(815301076,1909f56bfc062723c751e8b465ee728b)  -> (artifact id: '0c4fbc01687e2589a7d25847d7f9f59b') in 0.016524 seconds 
  Import took 0.019834 seconds .

========================================================================
Received Import Request.
  Time since last request: 0.000147 seconds.
  path: Assets/Sprites/Slide (9).png
  artifactKey: Guid(cedbd0f7b132078478f92af40bf4b0a5) Importer(815301076,1909f56bfc062723c751e8b465ee728b)
Start importing Assets/Sprites/Slide (9).png using Guid(cedbd0f7b132078478f92af40bf4b0a5) Importer(815301076,1909f56bfc062723c751e8b465ee728b)  -> (artifact id: 'da2effd3ed19556297b1c12679382aeb') in 0.013045 seconds 
  Import took 0.015762 seconds .

========================================================================
Received Import Request.
  Time since last request: 0.000144 seconds.
  path: Assets/Sprites/Slide (3).png
  artifactKey: Guid(e7676a3374e8001478b07ce5f0f567fd) Importer(815301076,1909f56bfc062723c751e8b465ee728b)
Start importing Assets/Sprites/Slide (3).png using Guid(e7676a3374e8001478b07ce5f0f567fd) Importer(815301076,1909f56bfc062723c751e8b465ee728b)  -> (artifact id: '76521c0c81046d3ad8ca61406debb571') in 0.014096 seconds 
  Import took 0.016916 seconds .

========================================================================
Received Import Request.
  Time since last request: 0.000278 seconds.
  path: Assets/Sprites/Run (4).png
  artifactKey: Guid(7509bc7b435171c4980479cc384ee5f3) Importer(815301076,1909f56bfc062723c751e8b465ee728b)
Start importing Assets/Sprites/Run (4).png using Guid(7509bc7b435171c4980479cc384ee5f3) Importer(815301076,1909f56bfc062723c751e8b465ee728b)  -> (artifact id: '4d63fae024fd66248b20b1df03d35c1f') in 0.012843 seconds 
  Import took 0.015579 seconds .

========================================================================
Received Import Request.
  Time since last request: 0.000186 seconds.
  path: Assets/Sprites/Run (7).png
  artifactKey: Guid(2e4cc32b284caab4cb0ecc289ecf81a5) Importer(815301076,1909f56bfc062723c751e8b465ee728b)
Start importing Assets/Sprites/Run (7).png using Guid(2e4cc32b284caab4cb0ecc289ecf81a5) Importer(815301076,1909f56bfc062723c751e8b465ee728b)  -> (artifact id: 'af33026b8dbe69b7a2a0ee13642629f4') in 0.013831 seconds 
  Import took 0.016633 seconds .

========================================================================
Received Import Request.
  Time since last request: 0.000214 seconds.
  path: Assets/Sprites/Idle (4).png
  artifactKey: Guid(304250dac04152f4196566f7947ab890) Importer(815301076,1909f56bfc062723c751e8b465ee728b)
Start importing Assets/Sprites/Idle (4).png using Guid(304250dac04152f4196566f7947ab890) Importer(815301076,1909f56bfc062723c751e8b465ee728b)  -> (artifact id: '25cc68f865640448f25c36e28ddeb828') in 0.012960 seconds 
  Import took 0.015577 seconds .

========================================================================
Received Import Request.
  Time since last request: 0.000200 seconds.
  path: Assets/Sprites/Walk (2).png
  artifactKey: Guid(bcfb1695b2d9f7c439f9e9889ac2dbdc) Importer(815301076,1909f56bfc062723c751e8b465ee728b)
Start importing Assets/Sprites/Walk (2).png using Guid(bcfb1695b2d9f7c439f9e9889ac2dbdc) Importer(815301076,1909f56bfc062723c751e8b465ee728b)  -> (artifact id: '8c7863ab12d7eb453aa86184adf2e752') in 0.013976 seconds 
  Import took 0.016667 seconds .

========================================================================
Received Import Request.
  Time since last request: 0.000239 seconds.
  path: Assets/Sprites/Hurt (8).png
  artifactKey: Guid(81559e8d9fdcd4b47ab7a3918336de9b) Importer(815301076,1909f56bfc062723c751e8b465ee728b)
Start importing Assets/Sprites/Hurt (8).png using Guid(81559e8d9fdcd4b47ab7a3918336de9b) Importer(815301076,1909f56bfc062723c751e8b465ee728b)  -> (artifact id: 'e03b8b34a12900e2fbc837452c5964db') in 0.013870 seconds 
  Import took 0.018008 seconds .

========================================================================
Received Import Request.
  Time since last request: 0.000172 seconds.
  path: Assets/Sprites/Idle (7).png
  artifactKey: Guid(f5d108f9cb1e61844b5dd57c24198b3a) Importer(815301076,1909f56bfc062723c751e8b465ee728b)
Start importing Assets/Sprites/Idle (7).png using Guid(f5d108f9cb1e61844b5dd57c24198b3a) Importer(815301076,1909f56bfc062723c751e8b465ee728b)  -> (artifact id: '8072d14fceea267c9c05d1e3f7e3226a') in 0.012576 seconds 
  Import took 0.015793 seconds .

========================================================================
Received Import Request.
  Time since last request: 0.000202 seconds.
  path: Assets/Sprites/Fall (7).png
  artifactKey: Guid(24a5720a04ac4824da1ea0c835f636fe) Importer(815301076,1909f56bfc062723c751e8b465ee728b)
Start importing Assets/Sprites/Fall (7).png using Guid(24a5720a04ac4824da1ea0c835f636fe) Importer(815301076,1909f56bfc062723c751e8b465ee728b)  -> (artifact id: 'df0c3856b444fe2157c4d6350e62a3c4') in 0.012406 seconds 
  Import took 0.015446 seconds .

========================================================================
Received Import Request.
  Time since last request: 0.000184 seconds.
  path: Assets/Sprites/Dead (4).png
  artifactKey: Guid(30ef6921b388b0f4dbed7b62e6aa85ab) Importer(815301076,1909f56bfc062723c751e8b465ee728b)
Start importing Assets/Sprites/Dead (4).png using Guid(30ef6921b388b0f4dbed7b62e6aa85ab) Importer(815301076,1909f56bfc062723c751e8b465ee728b)  -> (artifact id: '99607384bc1f711b72e6d23e2454e588') in 0.013217 seconds 
  Import took 0.016083 seconds .

========================================================================
Received Prepare
Registering precompiled user dll's ...
Registered in 0.004006 seconds.
Begin MonoManager ReloadAssembly
Native extension for WindowsStandalone target not found
Refreshing native plugins compatible for Editor in 0.40 ms, found 3 plugins.
Preloading 0 native plugins for Editor in 0.00 ms.
Mono: successfully reloaded assembly
- Completed reload, in  0.932 seconds
Domain Reload Profiling:
	ReloadAssembly (933ms)
		BeginReloadAssembly (108ms)
			ExecutionOrderSort (0ms)
			DisableScriptedObjects (5ms)
			BackupInstance (0ms)
			ReleaseScriptingObjects (0ms)
			CreateAndSetChildDomain (31ms)
		EndReloadAssembly (771ms)
			LoadAssemblies (77ms)
			RebuildTransferFunctionScriptingTraits (0ms)
			SetupTypeCache (237ms)
			ReleaseScriptCaches (1ms)
			RebuildScriptCaches (37ms)
			SetupLoadedEditorAssemblies (332ms)
				LogAssemblyErrors (0ms)
				InitializePlatformSupportModulesInManaged (4ms)
				SetLoadedEditorAssemblies (0ms)
				RefreshPlugins (0ms)
				BeforeProcessingInitializeOnLoad (86ms)
				ProcessInitializeOnLoadAttributes (230ms)
				ProcessInitializeOnLoadMethodAttributes (5ms)
				AfterProcessingInitializeOnLoad (6ms)
				EditorAssembliesLoaded (0ms)
			ExecutionOrderSort2 (0ms)
			AwakeInstancesAfterBackupRestoration (9ms)
Platform modules already initialized, skipping
Refreshing native plugins compatible for Editor in 0.39 ms, found 3 plugins.
Preloading 0 native plugins for Editor in 0.00 ms.
Unloading 2082 Unused Serialized files (Serialized files now loaded: 0)
System memory in use before: 95.6 MB.
System memory in use after: 95.7 MB.

Unloading 16 unused Assets to reduce memory usage. Loaded Objects now: 2546.
Total: 2.674400 ms (FindLiveObjects: 0.186500 ms CreateObjectMapping: 0.074500 ms MarkObjects: 2.397600 ms  DeleteObjects: 0.015000 ms)

AssetImportParameters requested are different than current active one (requested -> active):
  custom:framework-win-MediaFoundation: 216162199b28c13a410421893ffa2e32 -> 
  custom:video-decoder-ogg-theora: a1e56fd34408186e4bbccfd4996cb3dc -> 
  custom:container-muxer-webm: aa71ff27fc2769a1b78a27578f13a17b -> 
  custom:container-demuxer-webm: 4f35f7cbe854078d1ac9338744f61a02 -> 
  custom:container-demuxer-ogg: 62fdf1f143b41e24485cea50d1cbac27 -> 
  custom:video-encoder-webm-vp8: eb34c28f22e8b96e1ab97ce403110664 -> 
  custom:video-codec-MediaFoundation-h265: 746d11721c4dcdbdad8f713fa42b33f4 -> 
  custom:video-decoder-webm-vp8: 9c59270c3fd7afecdb556c50c9e8de78 -> 
  custom:audio-decoder-ogg-vorbis: bf7c407c2cedff20999df2af8eb42d56 -> 
  custom:audio-encoder-webm-vorbis: bf7c407c2cedff20999df2af8eb42d56 -> 
========================================================================
Received Import Request.
  Time since last request: 471.045553 seconds.
  path: Assets/Animations/Idle (1).controller
  artifactKey: Guid(dc4af4645b6a8ab44804e9e5105fd1b8) Importer(815301076,1909f56bfc062723c751e8b465ee728b)
Start importing Assets/Animations/Idle (1).controller using Guid(dc4af4645b6a8ab44804e9e5105fd1b8) Importer(815301076,1909f56bfc062723c751e8b465ee728b)  -> (artifact id: '03412d8ab5f5a26b9022c9f6d3f4de15') in 0.014596 seconds 
  Import took 0.017888 seconds .

========================================================================
Received Prepare
Registering precompiled user dll's ...
Registered in 0.004495 seconds.
Begin MonoManager ReloadAssembly
Native extension for WindowsStandalone target not found
Refreshing native plugins compatible for Editor in 0.45 ms, found 3 plugins.
Preloading 0 native plugins for Editor in 0.00 ms.
Mono: successfully reloaded assembly
- Completed reload, in  1.118 seconds
Domain Reload Profiling:
	ReloadAssembly (1119ms)
		BeginReloadAssembly (117ms)
			ExecutionOrderSort (0ms)
			DisableScriptedObjects (6ms)
			BackupInstance (0ms)
			ReleaseScriptingObjects (0ms)
			CreateAndSetChildDomain (33ms)
		EndReloadAssembly (941ms)
			LoadAssemblies (89ms)
			RebuildTransferFunctionScriptingTraits (0ms)
			SetupTypeCache (278ms)
			ReleaseScriptCaches (1ms)
			RebuildScriptCaches (44ms)
			SetupLoadedEditorAssemblies (387ms)
				LogAssemblyErrors (0ms)
				InitializePlatformSupportModulesInManaged (5ms)
				SetLoadedEditorAssemblies (1ms)
				RefreshPlugins (1ms)
				BeforeProcessingInitializeOnLoad (103ms)
				ProcessInitializeOnLoadAttributes (263ms)
				ProcessInitializeOnLoadMethodAttributes (5ms)
				AfterProcessingInitializeOnLoad (8ms)
				EditorAssembliesLoaded (0ms)
			ExecutionOrderSort2 (0ms)
			AwakeInstancesAfterBackupRestoration (15ms)
Platform modules already initialized, skipping
Refreshing native plugins compatible for Editor in 0.67 ms, found 3 plugins.
Preloading 0 native plugins for Editor in 0.00 ms.
Unloading 2082 Unused Serialized files (Serialized files now loaded: 0)
System memory in use before: 95.6 MB.
System memory in use after: 95.7 MB.

Unloading 16 unused Assets to reduce memory usage. Loaded Objects now: 2549.
Total: 3.771900 ms (FindLiveObjects: 0.206100 ms CreateObjectMapping: 0.081800 ms MarkObjects: 3.456400 ms  DeleteObjects: 0.026300 ms)

AssetImportParameters requested are different than current active one (requested -> active):
  custom:framework-win-MediaFoundation: 216162199b28c13a410421893ffa2e32 -> 
  custom:video-decoder-ogg-theora: a1e56fd34408186e4bbccfd4996cb3dc -> 
  custom:container-muxer-webm: aa71ff27fc2769a1b78a27578f13a17b -> 
  custom:container-demuxer-webm: 4f35f7cbe854078d1ac9338744f61a02 -> 
  custom:container-demuxer-ogg: 62fdf1f143b41e24485cea50d1cbac27 -> 
  custom:video-encoder-webm-vp8: eb34c28f22e8b96e1ab97ce403110664 -> 
  custom:video-codec-MediaFoundation-h265: 746d11721c4dcdbdad8f713fa42b33f4 -> 
  custom:video-decoder-webm-vp8: 9c59270c3fd7afecdb556c50c9e8de78 -> 
  custom:audio-decoder-ogg-vorbis: bf7c407c2cedff20999df2af8eb42d56 -> 
  custom:audio-encoder-webm-vorbis: bf7c407c2cedff20999df2af8eb42d56 -> 
========================================================================
Received Import Request.
  Time since last request: 546.249315 seconds.
  path: Assets/Scripts/SoundScript.cs
  artifactKey: Guid(fdb91f0af8d94b6469fa159671ecfd26) Importer(815301076,1909f56bfc062723c751e8b465ee728b)
Start importing Assets/Scripts/SoundScript.cs using Guid(fdb91f0af8d94b6469fa159671ecfd26) Importer(815301076,1909f56bfc062723c751e8b465ee728b)  -> (artifact id: '36945f94f5f22a1bb3da2ec51a697b29') in 0.005830 seconds 
  Import took 0.009253 seconds .

========================================================================
Received Import Request.
  Time since last request: 58.528879 seconds.
  path: Assets/Scripts/SoundScript.cs
  artifactKey: Guid(fdb91f0af8d94b6469fa159671ecfd26) Importer(815301076,1909f56bfc062723c751e8b465ee728b)
Start importing Assets/Scripts/SoundScript.cs using Guid(fdb91f0af8d94b6469fa159671ecfd26) Importer(815301076,1909f56bfc062723c751e8b465ee728b)  -> (artifact id: '2358c173ddbd5446b4d4b9fb4b4ad436') in 0.001752 seconds 
  Import took 0.004785 seconds .

========================================================================
Received Prepare
Registering precompiled user dll's ...
Registered in 0.005384 seconds.
Begin MonoManager ReloadAssembly
Native extension for WindowsStandalone target not found
Refreshing native plugins compatible for Editor in 0.41 ms, found 3 plugins.
Preloading 0 native plugins for Editor in 0.00 ms.
Mono: successfully reloaded assembly
- Completed reload, in  0.926 seconds
Domain Reload Profiling:
	ReloadAssembly (927ms)
		BeginReloadAssembly (104ms)
			ExecutionOrderSort (0ms)
			DisableScriptedObjects (5ms)
			BackupInstance (0ms)
			ReleaseScriptingObjects (0ms)
			CreateAndSetChildDomain (30ms)
		EndReloadAssembly (769ms)
			LoadAssemblies (78ms)
			RebuildTransferFunctionScriptingTraits (0ms)
			SetupTypeCache (238ms)
			ReleaseScriptCaches (1ms)
			RebuildScriptCaches (37ms)
			SetupLoadedEditorAssemblies (329ms)
				LogAssemblyErrors (0ms)
				InitializePlatformSupportModulesInManaged (4ms)
				SetLoadedEditorAssemblies (0ms)
				RefreshPlugins (0ms)
				BeforeProcessingInitializeOnLoad (81ms)
				ProcessInitializeOnLoadAttributes (231ms)
				ProcessInitializeOnLoadMethodAttributes (5ms)
				AfterProcessingInitializeOnLoad (6ms)
				EditorAssembliesLoaded (0ms)
			ExecutionOrderSort2 (0ms)
			AwakeInstancesAfterBackupRestoration (9ms)
Platform modules already initialized, skipping
Refreshing native plugins compatible for Editor in 0.40 ms, found 3 plugins.
Preloading 0 native plugins for Editor in 0.00 ms.
Unloading 2081 Unused Serialized files (Serialized files now loaded: 0)
System memory in use before: 95.6 MB.
System memory in use after: 95.7 MB.

Unloading 17 unused Assets to reduce memory usage. Loaded Objects now: 2551.
Total: 2.818300 ms (FindLiveObjects: 0.176900 ms CreateObjectMapping: 0.056700 ms MarkObjects: 2.568000 ms  DeleteObjects: 0.016000 ms)

AssetImportParameters requested are different than current active one (requested -> active):
  custom:framework-win-MediaFoundation: 216162199b28c13a410421893ffa2e32 -> 
  custom:video-decoder-ogg-theora: a1e56fd34408186e4bbccfd4996cb3dc -> 
  custom:container-muxer-webm: aa71ff27fc2769a1b78a27578f13a17b -> 
  custom:container-demuxer-webm: 4f35f7cbe854078d1ac9338744f61a02 -> 
  custom:container-demuxer-ogg: 62fdf1f143b41e24485cea50d1cbac27 -> 
  custom:video-encoder-webm-vp8: eb34c28f22e8b96e1ab97ce403110664 -> 
  custom:video-codec-MediaFoundation-h265: 746d11721c4dcdbdad8f713fa42b33f4 -> 
  custom:video-decoder-webm-vp8: 9c59270c3fd7afecdb556c50c9e8de78 -> 
  custom:audio-decoder-ogg-vorbis: bf7c407c2cedff20999df2af8eb42d56 -> 
  custom:audio-encoder-webm-vorbis: bf7c407c2cedff20999df2af8eb42d56 -> 
========================================================================
Received Prepare
Registering precompiled user dll's ...
Registered in 0.003866 seconds.
Begin MonoManager ReloadAssembly
Native extension for WindowsStandalone target not found
Refreshing native plugins compatible for Editor in 0.40 ms, found 3 plugins.
Preloading 0 native plugins for Editor in 0.00 ms.
Mono: successfully reloaded assembly
- Completed reload, in  1.001 seconds
Domain Reload Profiling:
	ReloadAssembly (1002ms)
		BeginReloadAssembly (97ms)
			ExecutionOrderSort (0ms)
			DisableScriptedObjects (5ms)
			BackupInstance (0ms)
			ReleaseScriptingObjects (0ms)
			CreateAndSetChildDomain (29ms)
		EndReloadAssembly (840ms)
			LoadAssemblies (85ms)
			RebuildTransferFunctionScriptingTraits (0ms)
			SetupTypeCache (271ms)
			ReleaseScriptCaches (1ms)
			RebuildScriptCaches (37ms)
			SetupLoadedEditorAssemblies (344ms)
				LogAssemblyErrors (0ms)
				InitializePlatformSupportModulesInManaged (4ms)
				SetLoadedEditorAssemblies (0ms)
				RefreshPlugins (0ms)
				BeforeProcessingInitializeOnLoad (81ms)
				ProcessInitializeOnLoadAttributes (243ms)
				ProcessInitializeOnLoadMethodAttributes (6ms)
				AfterProcessingInitializeOnLoad (9ms)
				EditorAssembliesLoaded (0ms)
			ExecutionOrderSort2 (0ms)
			AwakeInstancesAfterBackupRestoration (11ms)
Platform modules already initialized, skipping
Refreshing native plugins compatible for Editor in 0.42 ms, found 3 plugins.
Preloading 0 native plugins for Editor in 0.00 ms.
Unloading 2082 Unused Serialized files (Serialized files now loaded: 0)
System memory in use before: 95.6 MB.
System memory in use after: 95.7 MB.

Unloading 16 unused Assets to reduce memory usage. Loaded Objects now: 2555.
Total: 3.007900 ms (FindLiveObjects: 0.175500 ms CreateObjectMapping: 0.074200 ms MarkObjects: 2.737500 ms  DeleteObjects: 0.019700 ms)

AssetImportParameters requested are different than current active one (requested -> active):
  custom:framework-win-MediaFoundation: 216162199b28c13a410421893ffa2e32 -> 
  custom:video-decoder-ogg-theora: a1e56fd34408186e4bbccfd4996cb3dc -> 
  custom:container-muxer-webm: aa71ff27fc2769a1b78a27578f13a17b -> 
  custom:container-demuxer-webm: 4f35f7cbe854078d1ac9338744f61a02 -> 
  custom:container-demuxer-ogg: 62fdf1f143b41e24485cea50d1cbac27 -> 
  custom:video-encoder-webm-vp8: eb34c28f22e8b96e1ab97ce403110664 -> 
  custom:video-codec-MediaFoundation-h265: 746d11721c4dcdbdad8f713fa42b33f4 -> 
  custom:video-decoder-webm-vp8: 9c59270c3fd7afecdb556c50c9e8de78 -> 
  custom:audio-decoder-ogg-vorbis: bf7c407c2cedff20999df2af8eb42d56 -> 
  custom:audio-encoder-webm-vorbis: bf7c407c2cedff20999df2af8eb42d56 -> 
========================================================================
Received Import Request.
  Time since last request: 26.097644 seconds.
  path: Assets/Scripts/Cat Animation.cs
  artifactKey: Guid(e8f99570c3046ad40ad3f3c3cfd09f84) Importer(815301076,1909f56bfc062723c751e8b465ee728b)
Start importing Assets/Scripts/Cat Animation.cs using Guid(e8f99570c3046ad40ad3f3c3cfd09f84) Importer(815301076,1909f56bfc062723c751e8b465ee728b)  -> (artifact id: '3847cf5ec4f1ac658f60d0bc857e22c5') in 0.013186 seconds 
  Import took 0.015990 seconds .

========================================================================
Received Prepare
Registering precompiled user dll's ...
Registered in 0.003888 seconds.
Begin MonoManager ReloadAssembly
Native extension for WindowsStandalone target not found
Refreshing native plugins compatible for Editor in 0.40 ms, found 3 plugins.
Preloading 0 native plugins for Editor in 0.00 ms.
Mono: successfully reloaded assembly
- Completed reload, in  0.914 seconds
Domain Reload Profiling:
	ReloadAssembly (914ms)
		BeginReloadAssembly (98ms)
			ExecutionOrderSort (0ms)
			DisableScriptedObjects (6ms)
			BackupInstance (0ms)
			ReleaseScriptingObjects (0ms)
			CreateAndSetChildDomain (31ms)
		EndReloadAssembly (761ms)
			LoadAssemblies (78ms)
			RebuildTransferFunctionScriptingTraits (0ms)
			SetupTypeCache (234ms)
			ReleaseScriptCaches (1ms)
			RebuildScriptCaches (36ms)
			SetupLoadedEditorAssemblies (325ms)
				LogAssemblyErrors (0ms)
				InitializePlatformSupportModulesInManaged (4ms)
				SetLoadedEditorAssemblies (0ms)
				RefreshPlugins (0ms)
				BeforeProcessingInitializeOnLoad (79ms)
				ProcessInitializeOnLoadAttributes (230ms)
				ProcessInitializeOnLoadMethodAttributes (5ms)
				AfterProcessingInitializeOnLoad (6ms)
				EditorAssembliesLoaded (0ms)
			ExecutionOrderSort2 (0ms)
			AwakeInstancesAfterBackupRestoration (9ms)
Platform modules already initialized, skipping
Refreshing native plugins compatible for Editor in 0.51 ms, found 3 plugins.
Preloading 0 native plugins for Editor in 0.00 ms.
Unloading 2082 Unused Serialized files (Serialized files now loaded: 0)
System memory in use before: 95.6 MB.
System memory in use after: 95.8 MB.

Unloading 16 unused Assets to reduce memory usage. Loaded Objects now: 2558.
Total: 3.016100 ms (FindLiveObjects: 0.203300 ms CreateObjectMapping: 0.074000 ms MarkObjects: 2.721100 ms  DeleteObjects: 0.016800 ms)

AssetImportParameters requested are different than current active one (requested -> active):
  custom:framework-win-MediaFoundation: 216162199b28c13a410421893ffa2e32 -> 
  custom:video-decoder-ogg-theora: a1e56fd34408186e4bbccfd4996cb3dc -> 
  custom:container-muxer-webm: aa71ff27fc2769a1b78a27578f13a17b -> 
  custom:container-demuxer-webm: 4f35f7cbe854078d1ac9338744f61a02 -> 
  custom:container-demuxer-ogg: 62fdf1f143b41e24485cea50d1cbac27 -> 
  custom:video-encoder-webm-vp8: eb34c28f22e8b96e1ab97ce403110664 -> 
  custom:video-codec-MediaFoundation-h265: 746d11721c4dcdbdad8f713fa42b33f4 -> 
  custom:video-decoder-webm-vp8: 9c59270c3fd7afecdb556c50c9e8de78 -> 
  custom:audio-decoder-ogg-vorbis: bf7c407c2cedff20999df2af8eb42d56 -> 
  custom:audio-encoder-webm-vorbis: bf7c407c2cedff20999df2af8eb42d56 -> 
========================================================================
Received Prepare
Registering precompiled user dll's ...
Registered in 0.003903 seconds.
Begin MonoManager ReloadAssembly
Native extension for WindowsStandalone target not found
Refreshing native plugins compatible for Editor in 0.42 ms, found 3 plugins.
Preloading 0 native plugins for Editor in 0.00 ms.
Mono: successfully reloaded assembly
- Completed reload, in  0.927 seconds
Domain Reload Profiling:
	ReloadAssembly (928ms)
		BeginReloadAssembly (107ms)
			ExecutionOrderSort (0ms)
			DisableScriptedObjects (6ms)
			BackupInstance (0ms)
			ReleaseScriptingObjects (0ms)
			CreateAndSetChildDomain (30ms)
		EndReloadAssembly (766ms)
			LoadAssemblies (77ms)
			RebuildTransferFunctionScriptingTraits (0ms)
			SetupTypeCache (239ms)
			ReleaseScriptCaches (1ms)
			RebuildScriptCaches (37ms)
			SetupLoadedEditorAssemblies (324ms)
				LogAssemblyErrors (0ms)
				InitializePlatformSupportModulesInManaged (4ms)
				SetLoadedEditorAssemblies (0ms)
				RefreshPlugins (0ms)
				BeforeProcessingInitializeOnLoad (80ms)
				ProcessInitializeOnLoadAttributes (229ms)
				ProcessInitializeOnLoadMethodAttributes (5ms)
				AfterProcessingInitializeOnLoad (6ms)
				EditorAssembliesLoaded (0ms)
			ExecutionOrderSort2 (0ms)
			AwakeInstancesAfterBackupRestoration (9ms)
Platform modules already initialized, skipping
Refreshing native plugins compatible for Editor in 0.39 ms, found 3 plugins.
Preloading 0 native plugins for Editor in 0.00 ms.
Unloading 2082 Unused Serialized files (Serialized files now loaded: 0)
System memory in use before: 95.6 MB.
System memory in use after: 95.8 MB.

Unloading 16 unused Assets to reduce memory usage. Loaded Objects now: 2561.
Total: 2.957700 ms (FindLiveObjects: 0.174900 ms CreateObjectMapping: 0.070500 ms MarkObjects: 2.696000 ms  DeleteObjects: 0.015500 ms)

AssetImportParameters requested are different than current active one (requested -> active):
  custom:framework-win-MediaFoundation: 216162199b28c13a410421893ffa2e32 -> 
  custom:video-decoder-ogg-theora: a1e56fd34408186e4bbccfd4996cb3dc -> 
  custom:container-muxer-webm: aa71ff27fc2769a1b78a27578f13a17b -> 
  custom:container-demuxer-webm: 4f35f7cbe854078d1ac9338744f61a02 -> 
  custom:container-demuxer-ogg: 62fdf1f143b41e24485cea50d1cbac27 -> 
  custom:video-encoder-webm-vp8: eb34c28f22e8b96e1ab97ce403110664 -> 
  custom:video-codec-MediaFoundation-h265: 746d11721c4dcdbdad8f713fa42b33f4 -> 
  custom:video-decoder-webm-vp8: 9c59270c3fd7afecdb556c50c9e8de78 -> 
  custom:audio-decoder-ogg-vorbis: bf7c407c2cedff20999df2af8eb42d56 -> 
  custom:audio-encoder-webm-vorbis: bf7c407c2cedff20999df2af8eb42d56 -> 
========================================================================
Received Import Request.
  Time since last request: 51.705427 seconds.
  path: Assets/Scripts/Cat Animation.cs
  artifactKey: Guid(e8f99570c3046ad40ad3f3c3cfd09f84) Importer(815301076,1909f56bfc062723c751e8b465ee728b)
Start importing Assets/Scripts/Cat Animation.cs using Guid(e8f99570c3046ad40ad3f3c3cfd09f84) Importer(815301076,1909f56bfc062723c751e8b465ee728b)  -> (artifact id: '5b9395a16352531f61e0c9b4674b1963') in 0.004252 seconds 
  Import took 0.006947 seconds .

========================================================================
Received Import Request.
  Time since last request: 110.265202 seconds.
  path: Assets/Scripts/CatAnimation.cs
  artifactKey: Guid(e8f99570c3046ad40ad3f3c3cfd09f84) Importer(815301076,1909f56bfc062723c751e8b465ee728b)
Start importing Assets/Scripts/CatAnimation.cs using Guid(e8f99570c3046ad40ad3f3c3cfd09f84) Importer(815301076,1909f56bfc062723c751e8b465ee728b)  -> (artifact id: '2bb7cdb95eee7fbdb45e5cc2980df471') in 0.010908 seconds 
  Import took 0.013746 seconds .

========================================================================
Received Prepare
Registering precompiled user dll's ...
Registered in 0.004478 seconds.
Begin MonoManager ReloadAssembly
Native extension for WindowsStandalone target not found
Refreshing native plugins compatible for Editor in 0.41 ms, found 3 plugins.
Preloading 0 native plugins for Editor in 0.00 ms.
Mono: successfully reloaded assembly
- Completed reload, in  0.912 seconds
Domain Reload Profiling:
	ReloadAssembly (913ms)
		BeginReloadAssembly (98ms)
			ExecutionOrderSort (0ms)
			DisableScriptedObjects (6ms)
			BackupInstance (0ms)
			ReleaseScriptingObjects (0ms)
			CreateAndSetChildDomain (29ms)
		EndReloadAssembly (760ms)
			LoadAssemblies (76ms)
			RebuildTransferFunctionScriptingTraits (0ms)
			SetupTypeCache (238ms)
			ReleaseScriptCaches (1ms)
			RebuildScriptCaches (36ms)
			SetupLoadedEditorAssemblies (319ms)
				LogAssemblyErrors (0ms)
				InitializePlatformSupportModulesInManaged (4ms)
				SetLoadedEditorAssemblies (0ms)
				RefreshPlugins (0ms)
				BeforeProcessingInitializeOnLoad (79ms)
				ProcessInitializeOnLoadAttributes (224ms)
				ProcessInitializeOnLoadMethodAttributes (5ms)
				AfterProcessingInitializeOnLoad (6ms)
				EditorAssembliesLoaded (0ms)
			ExecutionOrderSort2 (0ms)
			AwakeInstancesAfterBackupRestoration (9ms)
Platform modules already initialized, skipping
Refreshing native plugins compatible for Editor in 0.47 ms, found 3 plugins.
Preloading 0 native plugins for Editor in 0.00 ms.
Unloading 2082 Unused Serialized files (Serialized files now loaded: 0)
System memory in use before: 95.7 MB.
System memory in use after: 95.8 MB.

Unloading 16 unused Assets to reduce memory usage. Loaded Objects now: 2564.
Total: 2.996600 ms (FindLiveObjects: 0.226400 ms CreateObjectMapping: 0.061700 ms MarkObjects: 2.688000 ms  DeleteObjects: 0.019700 ms)

AssetImportParameters requested are different than current active one (requested -> active):
  custom:framework-win-MediaFoundation: 216162199b28c13a410421893ffa2e32 -> 
  custom:video-decoder-ogg-theora: a1e56fd34408186e4bbccfd4996cb3dc -> 
  custom:container-muxer-webm: aa71ff27fc2769a1b78a27578f13a17b -> 
  custom:container-demuxer-webm: 4f35f7cbe854078d1ac9338744f61a02 -> 
  custom:container-demuxer-ogg: 62fdf1f143b41e24485cea50d1cbac27 -> 
  custom:video-encoder-webm-vp8: eb34c28f22e8b96e1ab97ce403110664 -> 
  custom:video-codec-MediaFoundation-h265: 746d11721c4dcdbdad8f713fa42b33f4 -> 
  custom:video-decoder-webm-vp8: 9c59270c3fd7afecdb556c50c9e8de78 -> 
  custom:audio-decoder-ogg-vorbis: bf7c407c2cedff20999df2af8eb42d56 -> 
  custom:audio-encoder-webm-vorbis: bf7c407c2cedff20999df2af8eb42d56 -> 
========================================================================
Received Prepare
Registering precompiled user dll's ...
Registered in 0.004248 seconds.
Begin MonoManager ReloadAssembly
Native extension for WindowsStandalone target not found
Refreshing native plugins compatible for Editor in 0.64 ms, found 3 plugins.
Preloading 0 native plugins for Editor in 0.00 ms.
Mono: successfully reloaded assembly
- Completed reload, in  1.060 seconds
Domain Reload Profiling:
	ReloadAssembly (1060ms)
		BeginReloadAssembly (107ms)
			ExecutionOrderSort (0ms)
			DisableScriptedObjects (6ms)
			BackupInstance (0ms)
			ReleaseScriptingObjects (0ms)
			CreateAndSetChildDomain (31ms)
		EndReloadAssembly (892ms)
			LoadAssemblies (85ms)
			RebuildTransferFunctionScriptingTraits (0ms)
			SetupTypeCache (268ms)
			ReleaseScriptCaches (1ms)
			RebuildScriptCaches (46ms)
			SetupLoadedEditorAssemblies (371ms)
				LogAssemblyErrors (0ms)
				InitializePlatformSupportModulesInManaged (5ms)
				SetLoadedEditorAssemblies (0ms)
				RefreshPlugins (1ms)
				BeforeProcessingInitializeOnLoad (97ms)
				ProcessInitializeOnLoadAttributes (255ms)
				ProcessInitializeOnLoadMethodAttributes (6ms)
				AfterProcessingInitializeOnLoad (7ms)
				EditorAssembliesLoaded (0ms)
			ExecutionOrderSort2 (0ms)
			AwakeInstancesAfterBackupRestoration (11ms)
Platform modules already initialized, skipping
Refreshing native plugins compatible for Editor in 0.55 ms, found 3 plugins.
Preloading 0 native plugins for Editor in 0.00 ms.
Unloading 2082 Unused Serialized files (Serialized files now loaded: 0)
System memory in use before: 95.7 MB.
System memory in use after: 95.8 MB.

Unloading 16 unused Assets to reduce memory usage. Loaded Objects now: 2567.
Total: 2.751900 ms (FindLiveObjects: 0.178500 ms CreateObjectMapping: 0.065200 ms MarkObjects: 2.489900 ms  DeleteObjects: 0.017400 ms)

AssetImportParameters requested are different than current active one (requested -> active):
  custom:framework-win-MediaFoundation: 216162199b28c13a410421893ffa2e32 -> 
  custom:video-decoder-ogg-theora: a1e56fd34408186e4bbccfd4996cb3dc -> 
  custom:container-muxer-webm: aa71ff27fc2769a1b78a27578f13a17b -> 
  custom:container-demuxer-webm: 4f35f7cbe854078d1ac9338744f61a02 -> 
  custom:container-demuxer-ogg: 62fdf1f143b41e24485cea50d1cbac27 -> 
  custom:video-encoder-webm-vp8: eb34c28f22e8b96e1ab97ce403110664 -> 
  custom:video-codec-MediaFoundation-h265: 746d11721c4dcdbdad8f713fa42b33f4 -> 
  custom:video-decoder-webm-vp8: 9c59270c3fd7afecdb556c50c9e8de78 -> 
  custom:audio-decoder-ogg-vorbis: bf7c407c2cedff20999df2af8eb42d56 -> 
  custom:audio-encoder-webm-vorbis: bf7c407c2cedff20999df2af8eb42d56 -> 
========================================================================
Received Prepare
Registering precompiled user dll's ...
Registered in 0.003973 seconds.
Begin MonoManager ReloadAssembly
Native extension for WindowsStandalone target not found
Refreshing native plugins compatible for Editor in 0.41 ms, found 3 plugins.
Preloading 0 native plugins for Editor in 0.00 ms.
Mono: successfully reloaded assembly
- Completed reload, in  0.919 seconds
Domain Reload Profiling:
	ReloadAssembly (919ms)
		BeginReloadAssembly (102ms)
			ExecutionOrderSort (0ms)
			DisableScriptedObjects (7ms)
			BackupInstance (0ms)
			ReleaseScriptingObjects (0ms)
			CreateAndSetChildDomain (31ms)
		EndReloadAssembly (763ms)
			LoadAssemblies (77ms)
			RebuildTransferFunctionScriptingTraits (0ms)
			SetupTypeCache (233ms)
			ReleaseScriptCaches (1ms)
			RebuildScriptCaches (41ms)
			SetupLoadedEditorAssemblies (326ms)
				LogAssemblyErrors (0ms)
				InitializePlatformSupportModulesInManaged (4ms)
				SetLoadedEditorAssemblies (0ms)
				RefreshPlugins (0ms)
				BeforeProcessingInitializeOnLoad (81ms)
				ProcessInitializeOnLoadAttributes (229ms)
				ProcessInitializeOnLoadMethodAttributes (5ms)
				AfterProcessingInitializeOnLoad (6ms)
				EditorAssembliesLoaded (0ms)
			ExecutionOrderSort2 (0ms)
			AwakeInstancesAfterBackupRestoration (9ms)
Platform modules already initialized, skipping
Refreshing native plugins compatible for Editor in 0.40 ms, found 3 plugins.
Preloading 0 native plugins for Editor in 0.00 ms.
Unloading 2082 Unused Serialized files (Serialized files now loaded: 0)
System memory in use before: 95.7 MB.
System memory in use after: 95.8 MB.

Unloading 16 unused Assets to reduce memory usage. Loaded Objects now: 2570.
Total: 2.701200 ms (FindLiveObjects: 0.181700 ms CreateObjectMapping: 0.059500 ms MarkObjects: 2.444100 ms  DeleteObjects: 0.015300 ms)

AssetImportParameters requested are different than current active one (requested -> active):
  custom:framework-win-MediaFoundation: 216162199b28c13a410421893ffa2e32 -> 
  custom:video-decoder-ogg-theora: a1e56fd34408186e4bbccfd4996cb3dc -> 
  custom:container-muxer-webm: aa71ff27fc2769a1b78a27578f13a17b -> 
  custom:container-demuxer-webm: 4f35f7cbe854078d1ac9338744f61a02 -> 
  custom:container-demuxer-ogg: 62fdf1f143b41e24485cea50d1cbac27 -> 
  custom:video-encoder-webm-vp8: eb34c28f22e8b96e1ab97ce403110664 -> 
  custom:video-codec-MediaFoundation-h265: 746d11721c4dcdbdad8f713fa42b33f4 -> 
  custom:video-decoder-webm-vp8: 9c59270c3fd7afecdb556c50c9e8de78 -> 
  custom:audio-decoder-ogg-vorbis: bf7c407c2cedff20999df2af8eb42d56 -> 
  custom:audio-encoder-webm-vorbis: bf7c407c2cedff20999df2af8eb42d56 -> 
AssetImportWorkerClient::OnTransportError - code=2 error=End of file
